<?xml version="1.0" encoding="UTF-8"?>
<!-- Generated by org.testng.reporters.JUnitReportReporter -->
<testsuite skipped="2" hostname="ranjithrekha-PC" name="org.testng.IgnoreMethod" tests="3" failures="0" timestamp="2021-07-04T00:51:58 IST" time="0.042" errors="0">
  <testcase name="pinkColor" time="0.042" classname="org.testng.IgnoreMethod"/>
  <testcase name="greenColor" classname="org.testng.IgnoreMethod">
    <skipped/>
  </testcase> <!-- greenColor -->
  <testcase name="redColor" classname="org.testng.IgnoreMethod">
    <skipped/>
  </testcase> <!-- redColor -->
</testsuite> <!-- org.testng.IgnoreMethod -->
