<?xml version="1.0" encoding="UTF-8"?>
<!-- Generated by org.testng.reporters.JUnitReportReporter -->
<testsuite skipped="0" hostname="ranjithrekha-PC" name="org.testng.MultipleTimesMethod" tests="7" failures="0" timestamp="2021-07-04T00:43:18 IST" time="0.075" errors="0">
  <testcase name="serachLaptop" time="0.004" classname="org.testng.MultipleTimesMethod"/>
  <testcase name="serachLaptop" time="0.006" classname="org.testng.MultipleTimesMethod"/>
  <testcase name="serachLaptop" time="0.005" classname="org.testng.MultipleTimesMethod"/>
  <testcase name="serachLaptop" time="0.004" classname="org.testng.MultipleTimesMethod"/>
  <testcase name="searchApplePhone" time="0.043" classname="org.testng.MultipleTimesMethod"/>
  <testcase name="serachLaptop" time="0.008" classname="org.testng.MultipleTimesMethod"/>
  <testcase name="serachLaptop" time="0.005" classname="org.testng.MultipleTimesMethod"/>
</testsuite> <!-- org.testng.MultipleTimesMethod -->
