<?xml version="1.0" encoding="UTF-8"?>
<!-- Generated by org.testng.reporters.JUnitReportReporter -->
<testsuite skipped="0" hostname="ranjithrekha-PC" name="org.testng.BasicStcmMethod" tests="2" failures="0" timestamp="2021-07-04T00:53:17 IST" time="0.041" errors="0">
  <testcase name="searchLaptop1" time="0.032" classname="org.testng.BasicStcmMethod"/>
  <testcase name="searchPhone1" time="0.009" classname="org.testng.BasicStcmMethod"/>
</testsuite> <!-- org.testng.BasicStcmMethod -->
