<?xml version="1.0" encoding="UTF-8"?>
<!-- Generated by org.testng.reporters.JUnitReportReporter -->
<testsuite skipped="0" hostname="ranjithrekha-PC" name="org.testng.Demo_TestNg" tests="1" failures="0" timestamp="2021-07-04T00:12:21 IST" time="0.023" errors="0">
  <testcase name="checkTestng" time="0.023" classname="org.testng.Demo_TestNg"/>
</testsuite> <!-- org.testng.Demo_TestNg -->
